<?xml version="1.0" encoding="UTF-8"?>
<testng-results ignored="0" total="5" passed="5" failed="0" skipped="0">
  <reporter-output>
  </reporter-output>
  <suite started-at="2025-07-04T10:16:24 NPT" name="Attendance Test Suite" finished-at="2025-07-04T10:16:35 NPT" duration-ms="11652">
    <groups>
    </groups>
    <test started-at="2025-07-04T10:16:24 NPT" name="Attendance Tests" finished-at="2025-07-04T10:16:31 NPT" duration-ms="7708">
      <class name="tests.CheckAttendanceTest">
        <test-method is-config="true" signature="setup()[pri:0, instance:tests.CheckAttendanceTest@37afeb11]" started-at="2025-07-04T10:16:24 NPT" name="setup" finished-at="2025-07-04T10:16:26 NPT" duration-ms="2603" status="PASS">
          <reporter-output>
          </reporter-output>
        </test-method> <!-- setup -->
        <test-method signature="loginTest()[pri:1, instance:tests.CheckAttendanceTest@37afeb11]" started-at="2025-07-04T10:16:26 NPT" name="loginTest" finished-at="2025-07-04T10:16:28 NPT" duration-ms="1253" status="PASS">
          <reporter-output>
          </reporter-output>
        </test-method> <!-- loginTest -->
        <test-method signature="checkAttendance()[pri:2, instance:tests.CheckAttendanceTest@37afeb11]" started-at="2025-07-04T10:16:28 NPT" name="checkAttendance" finished-at="2025-07-04T10:16:31 NPT" duration-ms="3007" status="PASS">
          <reporter-output>
          </reporter-output>
        </test-method> <!-- checkAttendance -->
        <test-method signature="filterAttendance()[pri:3, instance:tests.CheckAttendanceTest@37afeb11]" started-at="2025-07-04T10:16:31 NPT" name="filterAttendance" finished-at="2025-07-04T10:16:31 NPT" duration-ms="610" status="PASS">
          <reporter-output>
          </reporter-output>
        </test-method> <!-- filterAttendance -->
        <test-method is-config="true" signature="tearDown()[pri:0, instance:tests.CheckAttendanceTest@37afeb11]" started-at="2025-07-04T10:16:31 NPT" name="tearDown" finished-at="2025-07-04T10:16:31 NPT" duration-ms="191" status="PASS">
          <reporter-output>
          </reporter-output>
        </test-method> <!-- tearDown -->
      </class> <!-- tests.CheckAttendanceTest -->
    </test> <!-- Attendance Tests -->
    <test started-at="2025-07-04T10:16:31 NPT" name="Login Tests" finished-at="2025-07-04T10:16:33 NPT" duration-ms="2118">
      <class name="tests.LoginTest">
        <test-method is-config="true" signature="setUp()[pri:0, instance:tests.LoginTest@6cf0e0ba]" started-at="2025-07-04T10:16:31 NPT" name="setUp" finished-at="2025-07-04T10:16:32 NPT" duration-ms="792" status="PASS">
          <reporter-output>
          </reporter-output>
        </test-method> <!-- setUp -->
        <test-method signature="loginTest()[pri:0, instance:tests.LoginTest@6cf0e0ba]" started-at="2025-07-04T10:16:32 NPT" name="loginTest" finished-at="2025-07-04T10:16:33 NPT" duration-ms="1122" status="PASS">
          <reporter-output>
          </reporter-output>
        </test-method> <!-- loginTest -->
        <test-method is-config="true" signature="tearDown()[pri:0, instance:tests.LoginTest@6cf0e0ba]" started-at="2025-07-04T10:16:33 NPT" name="tearDown" finished-at="2025-07-04T10:16:33 NPT" duration-ms="200" status="PASS">
          <reporter-output>
          </reporter-output>
        </test-method> <!-- tearDown -->
      </class> <!-- tests.LoginTest -->
    </test> <!-- Login Tests -->
    <test started-at="2025-07-04T10:16:33 NPT" name="Base Tests" finished-at="2025-07-04T10:16:35 NPT" duration-ms="1800">
      <class name="tests.BaseTest">
        <test-method is-config="true" signature="setUp()[pri:0, instance:tests.BaseTest@42a48628]" started-at="2025-07-04T10:16:33 NPT" name="setUp" finished-at="2025-07-04T10:16:34 NPT" duration-ms="712" status="PASS">
          <reporter-output>
          </reporter-output>
        </test-method> <!-- setUp -->
        <test-method signature="loginTest()[pri:0, instance:tests.BaseTest@42a48628]" started-at="2025-07-04T10:16:34 NPT" name="loginTest" finished-at="2025-07-04T10:16:35 NPT" duration-ms="926" status="PASS">
          <reporter-output>
          </reporter-output>
        </test-method> <!-- loginTest -->
        <test-method is-config="true" signature="tearDown()[pri:0, instance:tests.BaseTest@42a48628]" started-at="2025-07-04T10:16:35 NPT" name="tearDown" finished-at="2025-07-04T10:16:35 NPT" duration-ms="157" status="PASS">
          <reporter-output>
          </reporter-output>
        </test-method> <!-- tearDown -->
      </class> <!-- tests.BaseTest -->
    </test> <!-- Base Tests -->
  </suite> <!-- Attendance Test Suite -->
</testng-results>
