<?xml version="1.0" encoding="UTF-8"?>
<!-- Generated by org.testng.reporters.JUnitXMLReporter -->
<testsuite ignored="0" hostname="LAPTOP-S5PL5LUF" failures="0" tests="3" name="Attendance Tests" time="6.183" errors="0" timestamp="2025-07-03T14:17:25 NPT">
  <testcase classname="tests.CheckAttendanceTest" name="loginTest" time="0.967"/>
  <testcase classname="tests.CheckAttendanceTest" name="checkAttendance" time="2.697"/>
  <testcase classname="tests.CheckAttendanceTest" name="filterAttendance" time="0.608"/>
</testsuite> <!-- Attendance Tests -->
